<?xml version="1.0" encoding="UTF-8"?>
<!-- Generated by org.testng.reporters.JUnitXMLReporter -->
<testsuite ignored="0" hostname="DESKTOP-JVN81HD" failures="0" tests="3" name="Default test" time="11.112" errors="0" timestamp="2023-01-16T23:05:44 EST">
  <testcase classname="tests.TestNGTests" name="verifyAllFiterDisplayed" time="0.513"/>
  <testcase classname="tests.TestNGTests" name="verifyPagination" time="0.1"/>
  <testcase classname="tests.TestNGTests" name="verifyVideoLinkClickble" time="5.585"/>
</testsuite> <!-- Default test -->
