<?xml version="1.0" encoding="UTF-8"?>
<testng-results ignored="0" total="3" passed="3" failed="0" skipped="0">
  <reporter-output>
  </reporter-output>
  <suite started-at="2023-01-16T23:05:33 EST" name="Default suite" finished-at="2023-01-16T23:05:44 EST" duration-ms="11112">
    <groups>
    </groups>
    <test started-at="2023-01-16T23:05:33 EST" name="Default test" finished-at="2023-01-16T23:05:44 EST" duration-ms="11112">
      <class name="tests.TestNGTests">
        <test-method is-config="true" signature="setUp()[pri:0, instance:tests.TestNGTests@536f2a7e]" started-at="2023-01-16T23:05:33 EST" name="setUp" finished-at="2023-01-16T23:05:37 EST" duration-ms="4189" status="PASS">
          <reporter-output>
          </reporter-output>
        </test-method> <!-- setUp -->
        <test-method signature="verifyAllFiterDisplayed()[pri:0, instance:tests.TestNGTests@536f2a7e]" started-at="2023-01-16T23:05:37 EST" name="verifyAllFiterDisplayed" finished-at="2023-01-16T23:05:38 EST" duration-ms="513" status="PASS">
          <reporter-output>
          </reporter-output>
        </test-method> <!-- verifyAllFiterDisplayed -->
        <test-method signature="verifyPagination()[pri:0, instance:tests.TestNGTests@536f2a7e]" started-at="2023-01-16T23:05:38 EST" name="verifyPagination" finished-at="2023-01-16T23:05:38 EST" duration-ms="100" status="PASS">
          <reporter-output>
          </reporter-output>
        </test-method> <!-- verifyPagination -->
        <test-method signature="verifyVideoLinkClickble()[pri:0, instance:tests.TestNGTests@536f2a7e]" started-at="2023-01-16T23:05:38 EST" name="verifyVideoLinkClickble" finished-at="2023-01-16T23:05:43 EST" duration-ms="5585" status="PASS">
          <reporter-output>
          </reporter-output>
        </test-method> <!-- verifyVideoLinkClickble -->
        <test-method is-config="true" signature="tearDown()[pri:0, instance:tests.TestNGTests@536f2a7e]" started-at="2023-01-16T23:05:43 EST" name="tearDown" finished-at="2023-01-16T23:05:44 EST" duration-ms="684" status="PASS">
          <reporter-output>
          </reporter-output>
        </test-method> <!-- tearDown -->
      </class> <!-- tests.TestNGTests -->
    </test> <!-- Default test -->
  </suite> <!-- Default suite -->
</testng-results>
